[0m2021.10.27 16:18:21 INFO  Started: Metals version 0.10.8 in workspace 'C:\Users\Charles Dang\Documents\Revature\Projects\project1_news_analyzer' for client Visual Studio Code 1.61.2.[0m
[0m2021.10.27 16:18:23 INFO  time: initialize in 1.93s[0m
[0m2021.10.27 16:18:25 WARN  Build server is not auto-connectable.[0m
[0m2021.10.27 16:18:25 WARN  no build tool detected in workspace 'C:\Users\Charles Dang\Documents\Revature\Projects\project1_news_analyzer'. The most common cause for this problem is that the editor was opened in the wrong working directory, for example if you use sbt then the workspace directory should contain build.sbt. [0m
[0m2021.10.27 16:18:25 WARN  no build target for: C:\Users\Charles Dang\Documents\Revature\Projects\project1_news_analyzer\newsanalyzercli\src\main\scala\example\Menu.scala[0m
[0m2021.10.27 16:18:29 INFO  no build target: using presentation compiler with only scala-library: 3.1.0[0m
[0m2021.10.27 16:18:33 INFO  time: code lens generation in 7.05s[0m
[0m2021.10.27 16:19:27 INFO  shutting down Metals[0m
[0m2021.10.29 08:14:36 INFO  Started: Metals version 0.10.8 in workspace 'C:\Users\Charles Dang\Documents\Revature\Projects\project1_news_analyzer' for client Visual Studio Code 1.61.2.[0m
[0m2021.10.29 08:14:38 INFO  time: initialize in 1.78s[0m
[0m2021.10.29 08:14:38 WARN  Build server is not auto-connectable.[0m
[0m2021.10.29 08:14:38 WARN  no build tool detected in workspace 'C:\Users\Charles Dang\Documents\Revature\Projects\project1_news_analyzer'. The most common cause for this problem is that the editor was opened in the wrong working directory, for example if you use sbt then the workspace directory should contain build.sbt. [0m
[0m2021.10.29 08:14:39 WARN  no build target for: C:\Users\Charles Dang\Documents\Revature\Projects\project1_news_analyzer\newsanalyzercli\build.sbt[0m
[0m2021.10.29 08:14:43 INFO  no build target: using presentation compiler with only scala-library: 3.1.0[0m
[0m2021.10.29 08:14:45 INFO  time: code lens generation in 6.11s[0m
[0m2021.10.29 08:25:13 WARN  no build target for: C:\Users\Charles Dang\Documents\Revature\Projects\project1_news_analyzer\newsanalyzercli\build.sbt[0m
[0m2021.10.29 08:25:38 WARN  no build target for: C:\Users\Charles Dang\Documents\Revature\Projects\project1_news_analyzer\newsanalyzercli\src\main\scala\example\Menu.scala[0m
[0m2021.10.29 08:25:58 WARN  no build target for: C:\Users\Charles Dang\Documents\Revature\Projects\project1_news_analyzer\newsanalyzercli\src\main\scala\example\Menu.scala[0m
[0m2021.10.29 08:26:30 WARN  no build target for: C:\Users\Charles Dang\Documents\Revature\Projects\project1_news_analyzer\newsanalyzercli\src\main\scala\example\Menu.scala[0m
[0m2021.10.29 09:33:29 WARN  no build target for: C:\Users\Charles Dang\Documents\Revature\Projects\project1_news_analyzer\newsanalyzercli\src\main\scala\example\Menu.scala[0m
Oct 29, 2021 9:35:47 AM org.eclipse.lsp4j.jsonrpc.RemoteEndpoint handleCancellation
WARNING: Unmatched cancel notification for request id 290
[0m2021.10.29 12:01:03 WARN  no build target for: C:\Users\Charles Dang\Documents\Revature\Projects\project1_news_analyzer\newsanalyzercli\build.sbt[0m
Oct 29, 2021 12:17:00 PM org.eclipse.lsp4j.jsonrpc.RemoteEndpoint handleCancellation
WARNING: Unmatched cancel notification for request id 463
Oct 29, 2021 12:42:13 PM org.eclipse.lsp4j.jsonrpc.RemoteEndpoint handleCancellation
WARNING: Unmatched cancel notification for request id 544
Oct 29, 2021 12:51:52 PM org.eclipse.lsp4j.jsonrpc.RemoteEndpoint handleCancellation
WARNING: Unmatched cancel notification for request id 560
[0m2021.10.29 12:53:08 WARN  no build target for: C:\Users\Charles Dang\Documents\Revature\Projects\project1_news_analyzer\newsanalyzercli\src\main\scala\example\Menu.scala[0m
[0m2021.10.29 12:53:19 WARN  no build target for: C:\Users\Charles Dang\Documents\Revature\Projects\project1_news_analyzer\newsanalyzercli\src\main\scala\example\Menu.scala[0m
Oct 29, 2021 12:53:23 PM org.eclipse.lsp4j.jsonrpc.RemoteEndpoint handleCancellation
WARNING: Unmatched cancel notification for request id 595
[0m2021.10.29 12:53:24 WARN  no build target for: C:\Users\Charles Dang\Documents\Revature\Projects\project1_news_analyzer\newsanalyzercli\build.sbt[0m
Oct 29, 2021 12:53:30 PM org.eclipse.lsp4j.jsonrpc.RemoteEndpoint handleCancellation
WARNING: Unmatched cancel notification for request id 602
[0m2021.10.29 12:54:37 WARN  no build target for: C:\Users\Charles Dang\Documents\Revature\Projects\project1_news_analyzer\newsanalyzercli\src\main\scala\example\Menu.scala[0m
[0m2021.10.29 12:55:18 INFO  shutting down Metals[0m
[0m2021.10.31 17:51:15 INFO  Started: Metals version 0.10.8 in workspace 'C:\Users\Charles Dang\Documents\Revature\Projects\project1_news_analyzer' for client Visual Studio Code 1.61.2.[0m
[0m2021.10.31 17:51:16 INFO  time: initialize in 1.74s[0m
[0m2021.10.31 17:51:17 WARN  Build server is not auto-connectable.[0m
[0m2021.10.31 17:51:17 WARN  no build tool detected in workspace 'C:\Users\Charles Dang\Documents\Revature\Projects\project1_news_analyzer'. The most common cause for this problem is that the editor was opened in the wrong working directory, for example if you use sbt then the workspace directory should contain build.sbt. [0m
[0m2021.10.31 17:51:18 WARN  no build target for: C:\Users\Charles Dang\Documents\Revature\Projects\project1_news_analyzer\newsanalyzercli\src\main\scala\example\Menu.scala[0m
[0m2021.10.31 17:51:18 WARN  no build target for: C:\Users\Charles Dang\Documents\Revature\Projects\project1_news_analyzer\newsanalyzercli\build.sbt[0m
[0m2021.10.31 17:51:22 INFO  no build target: using presentation compiler with only scala-library: 3.1.0[0m
[0m2021.10.31 17:51:24 INFO  time: code lens generation in 5.76s[0m
[0m2021.10.31 17:51:25 WARN  no build target for: C:\Users\Charles Dang\Documents\Revature\Projects\project1_news_analyzer\newsanalyzercli\build.sbt[0m
Oct 31, 2021 5:51:25 PM org.eclipse.lsp4j.jsonrpc.RemoteEndpoint handleCancellation
WARNING: Unmatched cancel notification for request id 4
Oct 31, 2021 5:51:25 PM org.eclipse.lsp4j.jsonrpc.RemoteEndpoint handleCancellation
WARNING: Unmatched cancel notification for request id 9
[0m2021.10.31 17:52:59 WARN  no build target for: C:\Users\Charles Dang\Documents\Revature\Projects\project1_news_analyzer\newsanalyzercli\src\main\scala\example\Menu.scala[0m
[0m2021.10.31 17:53:26 WARN  no build target for: C:\Users\Charles Dang\Documents\Revature\Projects\project1_news_analyzer\newsanalyzercli\src\main\scala\example\Menu.scala[0m
[0m2021.10.31 17:53:38 INFO  shutting down Metals[0m
[0m2021.10.31 20:22:12 INFO  Started: Metals version 0.10.8 in workspace 'C:\Users\Charles Dang\Documents\Revature\Projects\project1_news_analyzer' for client Visual Studio Code 1.61.2.[0m
